  main.cpp
D:\Magazyn\Studnia_czasu\dev_cpp\smllib\SMLlib\main.cpp(22,22): warning C4305: "return": obcięcie z "double" do "float"
D:\Magazyn\Studnia_czasu\dev_cpp\smllib\SMLlib\main.cpp(23,22): warning C4305: "return": obcięcie z "double" do "float"
D:\Magazyn\Studnia_czasu\dev_cpp\smllib\SMLlib\main.cpp(87,14): warning C4244: "+=": konwersja z "double" do "float", możliwa utrata danych
D:\Program Files\Visual Studio\VC\Tools\MSVC\14.42.34433\include\numeric(525,34): warning C4244: "=": konwersja z "int" do "float", możliwa utrata danych
  (kompilowanie pliku źródłowego „main.cpp”)
      D:\Program Files\Visual Studio\VC\Tools\MSVC\14.42.34433\include\numeric(525,34):
      kontekst tworzenia wystąpienia szablonu (najpierw najstarszy) to
          D:\Magazyn\Studnia_czasu\dev_cpp\smllib\SMLlib\main.cpp(51,7):
          zobacz odwołanie do kompilowanego tworzenia wystąpienia „void std::iota<std::_Vector_iterator<std::_Vector_val<std::_Simple_types<_Ty>>>,int>(_FwdIt,_FwdIt,int)” funkcji szablon
          with
          [
              _Ty=float,
              _FwdIt=std::_Vector_iterator<std::_Vector_val<std::_Simple_types<float>>>
          ]
  
D:\Program Files\Visual Studio\VC\Tools\MSVC\14.42.34433\include\numeric(533,20): warning C4244: "=": konwersja z "_Ty" do "float", możliwa utrata danych
D:\Program Files\Visual Studio\VC\Tools\MSVC\14.42.34433\include\numeric(533,20): warning C4244:         with
D:\Program Files\Visual Studio\VC\Tools\MSVC\14.42.34433\include\numeric(533,20): warning C4244:         [
D:\Program Files\Visual Studio\VC\Tools\MSVC\14.42.34433\include\numeric(533,20): warning C4244:             _Ty=int
D:\Program Files\Visual Studio\VC\Tools\MSVC\14.42.34433\include\numeric(533,20): warning C4244:         ]
  (kompilowanie pliku źródłowego „main.cpp”)
  
  SMLlib.vcxproj -> D:\Magazyn\Studnia_czasu\dev_cpp\smllib\x64\Debug\SMLlib.exe
